  Agent.cpp
C:\Users\admin\Desktop\Smallc2\implant\jbstrike_0.1a\Agent.cpp(85,5): error C2660: 'CreateProcessA': function does not take 2 arguments
C:\Program Files (x86)\Windows Kits\10\Include\10.0.19041.0\um\processthreadsapi.h(361,1): message : see declaration of 'CreateProcessA'
  Command.cpp
  Http.cpp
C:\Program Files (x86)\Windows Kits\10\Include\10.0.19041.0\um\winhttp.h(53,25): error C4430: missing type specifier - int assumed. Note: C++ does not support default-int
C:\Program Files (x86)\Windows Kits\10\Include\10.0.19041.0\um\winhttp.h(53,16): error C2146: syntax error: missing ';' before identifier 'HINTERNET'
C:\Program Files (x86)\Windows Kits\10\Include\10.0.19041.0\um\winhttp.h(54,19): error C2143: syntax error: missing ';' before '*'
C:\Program Files (x86)\Windows Kits\10\Include\10.0.19041.0\um\winhttp.h(54,19): error C4430: missing type specifier - int assumed. Note: C++ does not support default-int
C:\Program Files (x86)\Windows Kits\10\Include\10.0.19041.0\um\winhttp.h(54,19): error C2378: 'HINTERNET': redefinition; symbol cannot be overloaded with a typedef
C:\Program Files (x86)\Windows Kits\10\Include\10.0.19041.0\um\winhttp.h(53): message : see declaration of 'HINTERNET'
C:\Program Files (x86)\Windows Kits\10\Include\10.0.19041.0\um\winhttp.h(54,32): error C4430: missing type specifier - int assumed. Note: C++ does not support default-int
C:\Program Files (x86)\Windows Kits\10\Include\10.0.19041.0\um\winhttp.h(56,27): error C4430: missing type specifier - int assumed. Note: C++ does not support default-int
C:\Program Files (x86)\Windows Kits\10\Include\10.0.19041.0\um\winhttp.h(56,14): error C2146: syntax error: missing ';' before identifier 'INTERNET_PORT'
C:\Program Files (x86)\Windows Kits\10\Include\10.0.19041.0\um\winhttp.h(57,23): error C2143: syntax error: missing ';' before '*'
C:\Program Files (x86)\Windows Kits\10\Include\10.0.19041.0\um\winhttp.h(57,23): error C4430: missing type specifier - int assumed. Note: C++ does not support default-int
C:\Program Files (x86)\Windows Kits\10\Include\10.0.19041.0\um\winhttp.h(57,23): error C2378: 'INTERNET_PORT': redefinition; symbol cannot be overloaded with a typedef
C:\Program Files (x86)\Windows Kits\10\Include\10.0.19041.0\um\winhttp.h(56): message : see declaration of 'INTERNET_PORT'
C:\Program Files (x86)\Windows Kits\10\Include\10.0.19041.0\um\winhttp.h(57,40): error C4430: missing type specifier - int assumed. Note: C++ does not support default-int
C:\Program Files (x86)\Windows Kits\10\Include\10.0.19041.0\um\winhttp.h(103,15): error C3646: 'dwResult': unknown override specifier
C:\Program Files (x86)\Windows Kits\10\Include\10.0.19041.0\um\winhttp.h(103,23): error C4430: missing type specifier - int assumed. Note: C++ does not support default-int
C:\Program Files (x86)\Windows Kits\10\Include\10.0.19041.0\um\winhttp.h(104,11): error C3646: 'dwError': unknown override specifier
C:\Program Files (x86)\Windows Kits\10\Include\10.0.19041.0\um\winhttp.h(104,18): error C4430: missing type specifier - int assumed. Note: C++ does not support default-int
C:\Program Files (x86)\Windows Kits\10\Include\10.0.19041.0\um\winhttp.h(114,11): error C3646: 'dwMajorVersion': unknown override specifier
C:\Program Files (x86)\Windows Kits\10\Include\10.0.19041.0\um\winhttp.h(114,25): error C4430: missing type specifier - int assumed. Note: C++ does not support default-int
C:\Program Files (x86)\Windows Kits\10\Include\10.0.19041.0\um\winhttp.h(115,11): error C3646: 'dwMinorVersion': unknown override specifier
C:\Program Files (x86)\Windows Kits\10\Include\10.0.19041.0\um\winhttp.h(115,25): error C4430: missing type specifier - int assumed. Note: C++ does not support default-int
C:\Program Files (x86)\Windows Kits\10\Include\10.0.19041.0\um\winhttp.h(152,13): error C3646: 'dwStructSize': unknown override specifier
C:\Program Files (x86)\Windows Kits\10\Include\10.0.19041.0\um\winhttp.h(152,25): error C4430: missing type specifier - int assumed. Note: C++ does not support default-int
C:\Program Files (x86)\Windows Kits\10\Include\10.0.19041.0\um\winhttp.h(153,13): error C3646: 'lpszScheme': unknown override specifier
C:\Program Files (x86)\Windows Kits\10\Include\10.0.19041.0\um\winhttp.h(153,23): error C4430: missing type specifier - int assumed. Note: C++ does not support default-int
C:\Program Files (x86)\Windows Kits\10\Include\10.0.19041.0\um\winhttp.h(154,13): error C3646: 'dwSchemeLength': unknown override specifier
C:\Program Files (x86)\Windows Kits\10\Include\10.0.19041.0\um\winhttp.h(154,27): error C4430: missing type specifier - int assumed. Note: C++ does not support default-int
C:\Program Files (x86)\Windows Kits\10\Include\10.0.19041.0\um\winhttp.h(156,13): error C3646: 'lpszHostName': unknown override specifier
C:\Program Files (x86)\Windows Kits\10\Include\10.0.19041.0\um\winhttp.h(156,25): error C4430: missing type specifier - int assumed. Note: C++ does not support default-int
C:\Program Files (x86)\Windows Kits\10\Include\10.0.19041.0\um\winhttp.h(157,13): error C3646: 'dwHostNameLength': unknown override specifier
C:\Program Files (x86)\Windows Kits\10\Include\10.0.19041.0\um\winhttp.h(157,29): error C4430: missing type specifier - int assumed. Note: C++ does not support default-int
C:\Program Files (x86)\Windows Kits\10\Include\10.0.19041.0\um\winhttp.h(158,19): error C3646: 'nPort': unknown override specifier
C:\Program Files (x86)\Windows Kits\10\Include\10.0.19041.0\um\winhttp.h(158,24): error C4430: missing type specifier - int assumed. Note: C++ does not support default-int
C:\Program Files (x86)\Windows Kits\10\Include\10.0.19041.0\um\winhttp.h(159,13): error C3646: 'lpszUserName': unknown override specifier
C:\Program Files (x86)\Windows Kits\10\Include\10.0.19041.0\um\winhttp.h(159,25): error C4430: missing type specifier - int assumed. Note: C++ does not support default-int
C:\Program Files (x86)\Windows Kits\10\Include\10.0.19041.0\um\winhttp.h(160,13): error C3646: 'dwUserNameLength': unknown override specifier
C:\Program Files (x86)\Windows Kits\10\Include\10.0.19041.0\um\winhttp.h(160,29): error C4430: missing type specifier - int assumed. Note: C++ does not support default-int
C:\Program Files (x86)\Windows Kits\10\Include\10.0.19041.0\um\winhttp.h(161,13): error C3646: 'lpszPassword': unknown override specifier
C:\Program Files (x86)\Windows Kits\10\Include\10.0.19041.0\um\winhttp.h(161,25): error C4430: missing type specifier - int assumed. Note: C++ does not support default-int
C:\Program Files (x86)\Windows Kits\10\Include\10.0.19041.0\um\winhttp.h(162,13): error C3646: 'dwPasswordLength': unknown override specifier
C:\Program Files (x86)\Windows Kits\10\Include\10.0.19041.0\um\winhttp.h(162,29): error C4430: missing type specifier - int assumed. Note: C++ does not support default-int
C:\Program Files (x86)\Windows Kits\10\Include\10.0.19041.0\um\winhttp.h(163,13): error C3646: 'lpszUrlPath': unknown override specifier
C:\Program Files (x86)\Windows Kits\10\Include\10.0.19041.0\um\winhttp.h(163,24): error C4430: missing type specifier - int assumed. Note: C++ does not support default-int
C:\Program Files (x86)\Windows Kits\10\Include\10.0.19041.0\um\winhttp.h(164,13): error C3646: 'dwUrlPathLength': unknown override specifier
C:\Program Files (x86)\Windows Kits\10\Include\10.0.19041.0\um\winhttp.h(164,28): error C4430: missing type specifier - int assumed. Note: C++ does not support default-int
C:\Program Files (x86)\Windows Kits\10\Include\10.0.19041.0\um\winhttp.h(165,13): error C3646: 'lpszExtraInfo': unknown override specifier
C:\Program Files (x86)\Windows Kits\10\Include\10.0.19041.0\um\winhttp.h(165,26): error C4430: missing type specifier - int assumed. Note: C++ does not support default-int
C:\Program Files (x86)\Windows Kits\10\Include\10.0.19041.0\um\winhttp.h(166,13): error C3646: 'dwExtraInfoLength': unknown override specifier
C:\Program Files (x86)\Windows Kits\10\Include\10.0.19041.0\um\winhttp.h(166,30): error C4430: missing type specifier - int assumed. Note: C++ does not support default-int
C:\Program Files (x86)\Windows Kits\10\Include\10.0.19041.0\um\winhttp.h(181,12): error C3646: 'dwAccessType': unknown override specifier
C:\Program Files (x86)\Windows Kits\10\Include\10.0.19041.0\um\winhttp.h(181,24): error C4430: missing type specifier - int assumed. Note: C++ does not support default-int
C:\Program Files (x86)\Windows Kits\10\Include\10.0.19041.0\um\winhttp.h(182,12): error C3646: 'lpszProxy': unknown override specifier
C:\Program Files (x86)\Windows Kits\10\Include\10.0.19041.0\um\winhttp.h(182,21): error C4430: missing type specifier - int assumed. Note: C++ does not support default-int
C:\Program Files (x86)\Windows Kits\10\Include\10.0.19041.0\um\winhttp.h(183,12): error C3646: 'lpszProxyBypass': unknown override specifier
C:\Program Files (x86)\Windows Kits\10\Include\10.0.19041.0\um\winhttp.h(183,27): error C4430: missing type specifier - int assumed. Note: C++ does not support default-int
C:\Program Files (x86)\Windows Kits\10\Include\10.0.19041.0\um\winhttp.h(197,13): error C3646: 'dwFlags': unknown override specifier
C:\Program Files (x86)\Windows Kits\10\Include\10.0.19041.0\um\winhttp.h(197,20): error C4430: missing type specifier - int assumed. Note: C++ does not support default-int
C:\Program Files (x86)\Windows Kits\10\Include\10.0.19041.0\um\winhttp.h(198,13): error C3646: 'dwAutoDetectFlags': unknown override specifier
C:\Program Files (x86)\Windows Kits\10\Include\10.0.19041.0\um\winhttp.h(198,30): error C4430: missing type specifier - int assumed. Note: C++ does not support default-int
C:\Program Files (x86)\Windows Kits\10\Include\10.0.19041.0\um\winhttp.h(199,13): error C3646: 'lpszAutoConfigUrl': unknown override specifier
C:\Program Files (x86)\Windows Kits\10\Include\10.0.19041.0\um\winhttp.h(199,30): error C4430: missing type specifier - int assumed. Note: C++ does not support default-int
C:\Program Files (x86)\Windows Kits\10\Include\10.0.19041.0\um\winhttp.h(201,13): error C3646: 'dwReserved': unknown override specifier
C:\Program Files (x86)\Windows Kits\10\Include\10.0.19041.0\um\winhttp.h(201,23): error C4430: missing type specifier - int assumed. Note: C++ does not support default-int
C:\Program Files (x86)\Windows Kits\10\Include\10.0.19041.0\um\winhttp.h(202,13): error C3646: 'fAutoLogonIfChallenged': unknown override specifier
C:\Program Files (x86)\Windows Kits\10\Include\10.0.19041.0\um\winhttp.h(202,35): error C4430: missing type specifier - int assumed. Note: C++ does not support default-int
C:\Program Files (x86)\Windows Kits\10\Include\10.0.19041.0\um\winhttp.h(235,21): error C3646: 'fProxy': unknown override specifier
C:\Program Files (x86)\Windows Kits\10\Include\10.0.19041.0\um\winhttp.h(235,27): error C4430: missing type specifier - int assumed. Note: C++ does not support default-int
C:\Program Files (x86)\Windows Kits\10\Include\10.0.19041.0\um\winhttp.h(236,21): error C3646: 'fBypass': unknown override specifier
C:\Program Files (x86)\Windows Kits\10\Include\10.0.19041.0\um\winhttp.h(236,28): error C4430: missing type specifier - int assumed. Note: C++ does not support default-int
C:\Program Files (x86)\Windows Kits\10\Include\10.0.19041.0\um\winhttp.h(238,21): error C3646: 'pwszProxy': unknown override specifier
C:\Program Files (x86)\Windows Kits\10\Include\10.0.19041.0\um\winhttp.h(238,30): error C4430: missing type specifier - int assumed. Note: C++ does not support default-int
C:\Program Files (x86)\Windows Kits\10\Include\10.0.19041.0\um\winhttp.h(239,21): error C3646: 'ProxyPort': unknown override specifier
C:\Program Files (x86)\Windows Kits\10\Include\10.0.19041.0\um\winhttp.h(239,30): error C4430: missing type specifier - int assumed. Note: C++ does not support default-int
C:\Program Files (x86)\Windows Kits\10\Include\10.0.19041.0\um\winhttp.h(244,11): error C3646: 'cEntries': unknown override specifier
C:\Program Files (x86)\Windows Kits\10\Include\10.0.19041.0\um\winhttp.h(244,19): error C4430: missing type specifier - int assumed. Note: C++ does not support default-int
C:\Program Files (x86)\Windows Kits\10\Include\10.0.19041.0\um\winhttp.h(250,11): error C3646: 'cEntries': unknown override specifier
C:\Program Files (x86)\Windows Kits\10\Include\10.0.19041.0\um\winhttp.h(250,19): error C4430: missing type specifier - int assumed. Note: C++ does not support default-int
C:\Program Files (x86)\Windows Kits\10\Include\10.0.19041.0\um\winhttp.h(252,12): error C3646: 'hProxyDetectionHandle': unknown override specifier
C:\Program Files (x86)\Windows Kits\10\Include\10.0.19041.0\um\winhttp.h(252,33): error C4430: missing type specifier - int assumed. Note: C++ does not support default-int
C:\Program Files (x86)\Windows Kits\10\Include\10.0.19041.0\um\winhttp.h(253,11): error C3646: 'dwProxyInterfaceAffinity': unknown override specifier
C:\Program Files (x86)\Windows Kits\10\Include\10.0.19041.0\um\winhttp.h(253,35): error C4430: missing type specifier - int assumed. Note: C++ does not support default-int
C:\Program Files (x86)\Windows Kits\10\Include\10.0.19041.0\um\winhttp.h(270,11): error C3646: 'dwStructSize': unknown override specifier
C:\Program Files (x86)\Windows Kits\10\Include\10.0.19041.0\um\winhttp.h(270,23): error C4430: missing type specifier - int assumed. Note: C++ does not support default-int
C:\Program Files (x86)\Windows Kits\10\Include\10.0.19041.0\um\winhttp.h(271,11): error C3646: 'dwFlags': unknown override specifier
C:\Program Files (x86)\Windows Kits\10\Include\10.0.19041.0\um\winhttp.h(271,18): error C4430: missing type specifier - int assumed. Note: C++ does not support default-int
C:\Program Files (x86)\Windows Kits\10\Include\10.0.19041.0\um\winhttp.h(272,11): error C3646: 'dwCurrentSettingsVersion': unknown override specifier
C:\Program Files (x86)\Windows Kits\10\Include\10.0.19041.0\um\winhttp.h(272,35): error C4430: missing type specifier - int assumed. Note: C++ does not support default-int
C:\Program Files (x86)\Windows Kits\10\Include\10.0.19041.0\um\winhttp.h(273,11): error C3646: 'pwszConnectionName': unknown override specifier
C:\Program Files (x86)\Windows Kits\10\Include\10.0.19041.0\um\winhttp.h(273,29): error C4430: missing type specifier - int assumed. Note: C++ does not support default-int
C:\Program Files (x86)\Windows Kits\10\Include\10.0.19041.0\um\winhttp.h(274,11): error C3646: 'pwszProxy': unknown override specifier
C:\Program Files (x86)\Windows Kits\10\Include\10.0.19041.0\um\winhttp.h(274,20): error C4430: missing type specifier - int assumed. Note: C++ does not support default-int
C:\Program Files (x86)\Windows Kits\10\Include\10.0.19041.0\um\winhttp.h(275,11): error C3646: 'pwszProxyBypass': unknown override specifier
C:\Program Files (x86)\Windows Kits\10\Include\10.0.19041.0\um\winhttp.h(275,26): error C4430: missing type specifier - int assumed. Note: C++ does not support default-int
C:\Program Files (x86)\Windows Kits\10\Include\10.0.19041.0\um\winhttp.h(276,11): error C3646: 'pwszAutoconfigUrl': unknown override specifier
C:\Program Files (x86)\Windows Kits\10\Include\10.0.19041.0\um\winhttp.h(276,28): error C4430: missing type specifier - int assumed. Note: C++ does not support default-int
C:\Program Files (x86)\Windows Kits\10\Include\10.0.19041.0\um\winhttp.h(277,11): error C3646: 'pwszAutoconfigSecondaryUrl': unknown override specifier
C:\Program Files (x86)\Windows Kits\10\Include\10.0.19041.0\um\winhttp.h(277,37): error C4430: missing type specifier - int assumed. Note: C++ does not support default-int
C:\Program Files (x86)\Windows Kits\10\Include\10.0.19041.0\um\winhttp.h(278,11): error C3646: 'dwAutoDiscoveryFlags': unknown override specifier
C:\Program Files (x86)\Windows Kits\10\Include\10.0.19041.0\um\winhttp.h(278,31): error C4430: missing type specifier - int assumed. Note: C++ does not support default-int
C:\Program Files (x86)\Windows Kits\10\Include\10.0.19041.0\um\winhttp.h(279,11): error C3646: 'pwszLastKnownGoodAutoConfigUrl': unknown override specifier
C:\Program Files (x86)\Windows Kits\10\Include\10.0.19041.0\um\winhttp.h(279,41): error C4430: missing type specifier - int assumed. Note: C++ does not support default-int
C:\Program Files (x86)\Windows Kits\10\Include\10.0.19041.0\um\winhttp.h(280,11): error C3646: 'dwAutoconfigReloadDelayMins': unknown override specifier
C:\Program Files (x86)\Windows Kits\10\Include\10.0.19041.0\um\winhttp.h(280,38): error C4430: missing type specifier - int assumed. Note: C++ does not support default-int
C:\Program Files (x86)\Windows Kits\10\Include\10.0.19041.0\um\winhttp.h(281,14): error C3646: 'ftLastKnownDetectTime': unknown override specifier
C:\Program Files (x86)\Windows Kits\10\Include\10.0.19041.0\um\winhttp.h(281,35): error C4430: missing type specifier - int assumed. Note: C++ does not support default-int
C:\Program Files (x86)\Windows Kits\10\Include\10.0.19041.0\um\winhttp.h(282,11): error C3646: 'dwDetectedInterfaceIpCount': unknown override specifier
C:\Program Files (x86)\Windows Kits\10\Include\10.0.19041.0\um\winhttp.h(282,37): error C4430: missing type specifier - int assumed. Note: C++ does not support default-int
C:\Program Files (x86)\Windows Kits\10\Include\10.0.19041.0\um\winhttp.h(283,12): error C3646: 'pdwDetectedInterfaceIp': unknown override specifier
C:\Program Files (x86)\Windows Kits\10\Include\10.0.19041.0\um\winhttp.h(283,34): error C4430: missing type specifier - int assumed. Note: C++ does not support default-int
C:\Program Files (x86)\Windows Kits\10\Include\10.0.19041.0\um\winhttp.h(284,11): error C3646: 'cNetworkKeys': unknown override specifier
C:\Program Files (x86)\Windows Kits\10\Include\10.0.19041.0\um\winhttp.h(284,23): error C4430: missing type specifier - int assumed. Note: C++ does not support default-int
C:\Program Files (x86)\Windows Kits\10\Include\10.0.19041.0\um\winhttp.h(305,14): error C3646: 'ftExpiry': unknown override specifier
C:\Program Files (x86)\Windows Kits\10\Include\10.0.19041.0\um\winhttp.h(305,22): error C4430: missing type specifier - int assumed. Note: C++ does not support default-int
C:\Program Files (x86)\Windows Kits\10\Include\10.0.19041.0\um\winhttp.h(311,14): error C3646: 'ftStart': unknown override specifier
C:\Program Files (x86)\Windows Kits\10\Include\10.0.19041.0\um\winhttp.h(311,21): error C4430: missing type specifier - int assumed. Note: C++ does not support default-int
C:\Program Files (x86)\Windows Kits\10\Include\10.0.19041.0\um\winhttp.h(318,12): error C3646: 'lpszSubjectInfo': unknown override specifier
C:\Program Files (x86)\Windows Kits\10\Include\10.0.19041.0\um\winhttp.h(318,27): error C4430: missing type specifier - int assumed. Note: C++ does not support default-int
C:\Program Files (x86)\Windows Kits\10\Include\10.0.19041.0\um\winhttp.h(325,12): error C3646: 'lpszIssuerInfo': unknown override specifier
C:\Program Files (x86)\Windows Kits\10\Include\10.0.19041.0\um\winhttp.h(325,26): error C4430: missing type specifier - int assumed. Note: C++ does not support default-int
C:\Program Files (x86)\Windows Kits\10\Include\10.0.19041.0\um\winhttp.h(332,12): error C3646: 'lpszProtocolName': unknown override specifier
C:\Program Files (x86)\Windows Kits\10\Include\10.0.19041.0\um\winhttp.h(332,28): error C4430: missing type specifier - int assumed. Note: C++ does not support default-int
C:\Program Files (x86)\Windows Kits\10\Include\10.0.19041.0\um\winhttp.h(339,12): error C3646: 'lpszSignatureAlgName': unknown override specifier
C:\Program Files (x86)\Windows Kits\10\Include\10.0.19041.0\um\winhttp.h(339,32): error C4430: missing type specifier - int assumed. Note: C++ does not support default-int
C:\Program Files (x86)\Windows Kits\10\Include\10.0.19041.0\um\winhttp.h(346,12): error C3646: 'lpszEncryptionAlgName': unknown override specifier
C:\Program Files (x86)\Windows Kits\10\Include\10.0.19041.0\um\winhttp.h(346,33): error C4430: missing type specifier - int assumed. Note: C++ does not support default-int
C:\Program Files (x86)\Windows Kits\10\Include\10.0.19041.0\um\winhttp.h(352,11): error C3646: 'dwKeySize': unknown override specifier
C:\Program Files (x86)\Windows Kits\10\Include\10.0.19041.0\um\winhttp.h(352,20): error C4430: missing type specifier - int assumed. Note: C++ does not support default-int
C:\Program Files (x86)\Windows Kits\10\Include\10.0.19041.0\um\winhttp.h(431,11): error C3646: 'cTimes': unknown override specifier
C:\Program Files (x86)\Windows Kits\10\Include\10.0.19041.0\um\winhttp.h(431,17): error C4430: missing type specifier - int assumed. Note: C++ does not support default-int
C:\Program Files (x86)\Windows Kits\10\Include\10.0.19041.0\um\winhttp.h(432,15): error C3646: 'rgullTimes': unknown override specifier
C:\Program Files (x86)\Windows Kits\10\Include\10.0.19041.0\um\winhttp.h(432,25): error C2143: syntax error: missing ',' before '['
C:\Program Files (x86)\Windows Kits\10\Include\10.0.19041.0\um\winhttp.h(432,48): error C2238: unexpected token(s) preceding ';'
C:\Program Files (x86)\Windows Kits\10\Include\10.0.19041.0\um\winhttp.h(471,15): error C3646: 'ullFlags': unknown override specifier
C:\Program Files (x86)\Windows Kits\10\Include\10.0.19041.0\um\winhttp.h(471,23): error C4430: missing type specifier - int assumed. Note: C++ does not support default-int
C:\Program Files (x86)\Windows Kits\10\Include\10.0.19041.0\um\winhttp.h(472,11): error C3646: 'ulIndex': unknown override specifier
C:\Program Files (x86)\Windows Kits\10\Include\10.0.19041.0\um\winhttp.h(472,18): error C4430: missing type specifier - int assumed. Note: C++ does not support default-int
C:\Program Files (x86)\Windows Kits\10\Include\10.0.19041.0\um\winhttp.h(473,11): error C3646: 'cStats': unknown override specifier
C:\Program Files (x86)\Windows Kits\10\Include\10.0.19041.0\um\winhttp.h(473,17): error C4430: missing type specifier - int assumed. Note: C++ does not support default-int
C:\Program Files (x86)\Windows Kits\10\Include\10.0.19041.0\um\winhttp.h(474,15): error C3646: 'rgullStats': unknown override specifier
C:\Program Files (x86)\Windows Kits\10\Include\10.0.19041.0\um\winhttp.h(474,25): error C2143: syntax error: missing ',' before '['
C:\Program Files (x86)\Windows Kits\10\Include\10.0.19041.0\um\winhttp.h(474,48): error C2238: unexpected token(s) preceding ';'
C:\Program Files (x86)\Windows Kits\10\Include\10.0.19041.0\um\winhttp.h(484,16): error C3646: 'pwszName': unknown override specifier
C:\Program Files (x86)\Windows Kits\10\Include\10.0.19041.0\um\winhttp.h(484,24): error C4430: missing type specifier - int assumed. Note: C++ does not support default-int
C:\Program Files (x86)\Windows Kits\10\Include\10.0.19041.0\um\winhttp.h(485,16): error C3646: 'pszName': unknown override specifier
C:\Program Files (x86)\Windows Kits\10\Include\10.0.19041.0\um\winhttp.h(485,23): error C4430: missing type specifier - int assumed. Note: C++ does not support default-int
C:\Program Files (x86)\Windows Kits\10\Include\10.0.19041.0\um\winhttp.h(489,16): error C3646: 'pwszValue': unknown override specifier
C:\Program Files (x86)\Windows Kits\10\Include\10.0.19041.0\um\winhttp.h(489,25): error C4430: missing type specifier - int assumed. Note: C++ does not support default-int
C:\Program Files (x86)\Windows Kits\10\Include\10.0.19041.0\um\winhttp.h(490,16): error C3646: 'pszValue': unknown override specifier
C:\Program Files (x86)\Windows Kits\10\Include\10.0.19041.0\um\winhttp.h(490,24): error C4430: missing type specifier - int assumed. Note: C++ does not support default-int
C:\Program Files (x86)\Windows Kits\10\Include\10.0.19041.0\um\winhttp.h(706,11): error C3646: 'lpszUserName': unknown override specifier
C:\Program Files (x86)\Windows Kits\10\Include\10.0.19041.0\um\winhttp.h(706,23): error C4430: missing type specifier - int assumed. Note: C++ does not support default-int
C:\Program Files (x86)\Windows Kits\10\Include\10.0.19041.0\um\winhttp.h(707,11): error C3646: 'lpszPassword': unknown override specifier
C:\Program Files (x86)\Windows Kits\10\Include\10.0.19041.0\um\winhttp.h(707,23): error C4430: missing type specifier - int assumed. Note: C++ does not support default-int
C:\Program Files (x86)\Windows Kits\10\Include\10.0.19041.0\um\winhttp.h(708,11): error C3646: 'lpszRealm': unknown override specifier
C:\Program Files (x86)\Windows Kits\10\Include\10.0.19041.0\um\winhttp.h(708,20): error C4430: missing type specifier - int assumed. Note: C++ does not support default-int
C:\Program Files (x86)\Windows Kits\10\Include\10.0.19041.0\um\winhttp.h(709,11): error C3646: 'dwAuthScheme': unknown override specifier
C:\Program Files (x86)\Windows Kits\10\Include\10.0.19041.0\um\winhttp.h(709,23): error C4430: missing type specifier - int assumed. Note: C++ does not support default-int
C:\Program Files (x86)\Windows Kits\10\Include\10.0.19041.0\um\winhttp.h(710,11): error C3646: 'lpszHostName': unknown override specifier
C:\Program Files (x86)\Windows Kits\10\Include\10.0.19041.0\um\winhttp.h(710,23): error C4430: missing type specifier - int assumed. Note: C++ does not support default-int
C:\Program Files (x86)\Windows Kits\10\Include\10.0.19041.0\um\winhttp.h(711,11): error C3646: 'dwPort': unknown override specifier
C:\Program Files (x86)\Windows Kits\10\Include\10.0.19041.0\um\winhttp.h(711,17): error C4430: missing type specifier - int assumed. Note: C++ does not support default-int
C:\Program Files (x86)\Windows Kits\10\Include\10.0.19041.0\um\winhttp.h(718,11): error C3646: 'lpszUserName': unknown override specifier
C:\Program Files (x86)\Windows Kits\10\Include\10.0.19041.0\um\winhttp.h(718,23): error C4430: missing type specifier - int assumed. Note: C++ does not support default-int
C:\Program Files (x86)\Windows Kits\10\Include\10.0.19041.0\um\winhttp.h(719,11): error C3646: 'lpszPassword': unknown override specifier
C:\Program Files (x86)\Windows Kits\10\Include\10.0.19041.0\um\winhttp.h(719,23): error C4430: missing type specifier - int assumed. Note: C++ does not support default-int
C:\Program Files (x86)\Windows Kits\10\Include\10.0.19041.0\um\winhttp.h(720,11): error C3646: 'lpszRealm': unknown override specifier
C:\Program Files (x86)\Windows Kits\10\Include\10.0.19041.0\um\winhttp.h(720,20): error C4430: missing type specifier - int assumed. Note: C++ does not support default-int
C:\Program Files (x86)\Windows Kits\10\Include\10.0.19041.0\um\winhttp.h(721,11): error C3646: 'dwAuthScheme': unknown override specifier
C:\Program Files (x86)\Windows Kits\10\Include\10.0.19041.0\um\winhttp.h(721,23): error C4430: missing type specifier - int assumed. Note: C++ does not support default-int
C:\Program Files (x86)\Windows Kits\10\Include\10.0.19041.0\um\winhttp.h(722,11): error C3646: 'lpszHostName': unknown override specifier
C:\Program Files (x86)\Windows Kits\10\Include\10.0.19041.0\um\winhttp.h(722,23): error C4430: missing type specifier - int assumed. Note: C++ does not support default-int
C:\Program Files (x86)\Windows Kits\10\Include\10.0.19041.0\um\winhttp.h(723,11): error C3646: 'dwPort': unknown override specifier
C:\Program Files (x86)\Windows Kits\10\Include\10.0.19041.0\um\winhttp.h(723,17): error C4430: missing type specifier - int assumed. Note: C++ does not support default-int
C:\Program Files (x86)\Windows Kits\10\Include\10.0.19041.0\um\winhttp.h(724,11): error C3646: 'lpszUrl': unknown override specifier
C:\Program Files (x86)\Windows Kits\10\Include\10.0.19041.0\um\winhttp.h(724,18): error C4430: missing type specifier - int assumed. Note: C++ does not support default-int
C:\Program Files (x86)\Windows Kits\10\Include\10.0.19041.0\um\winhttp.h(788,11): error C4430: missing type specifier - int assumed. Note: C++ does not support default-int
C:\Program Files (x86)\Windows Kits\10\Include\10.0.19041.0\um\winhttp.h(788,2): error C2065: 'CALLBACK': undeclared identifier
C:\Program Files (x86)\Windows Kits\10\Include\10.0.19041.0\um\winhttp.h(788,13): error C2065: 'WINHTTP_STATUS_CALLBACK': undeclared identifier
C:\Program Files (x86)\Windows Kits\10\Include\10.0.19041.0\um\winhttp.h(788,36): error C2513: 'int': no variable declared before '='
C:\Program Files (x86)\Windows Kits\10\Include\10.0.19041.0\um\winhttp.h(788,36): fatal error C1903: unable to recover from previous error(s); stopping compilation
  INTERNAL COMPILER ERROR in 'C:\Program Files\Microsoft Visual Studio\2022\Community\VC\Tools\MSVC\14.30.30705\bin\HostX86\x86\CL.exe'
      Please choose the Technical Support command on the Visual C++
      Help menu, or open the Technical Support help file for more information
